2015-09-28 12:28:06,898 INFO  [org.springframework.extensions.webscripts.TemplateProcessorRegistry] [localhost-startStop-1] Registered template processor freemarker for extension ftl
2015-09-28 12:28:06,921 INFO  [org.springframework.extensions.webscripts.ScriptProcessorRegistry] [localhost-startStop-1] Registered script processor javascript for extension js
2015-09-28 12:28:06,924 INFO  [org.springframework.extensions.webscripts.TemplateProcessorRegistry] [localhost-startStop-1] Registered template processor freemarker for extension ftl
2015-09-28 12:28:06,930 INFO  [org.springframework.extensions.webscripts.ScriptProcessorRegistry] [localhost-startStop-1] Registered script processor javascript for extension js
2015-09-28 12:28:16,047 INFO  [org.springframework.extensions.webscripts.DeclarativeRegistry] [localhost-startStop-1] Registered 371 Web Scripts (+0 failed), 385 URLs
2015-09-28 12:28:16,047 INFO  [org.springframework.extensions.webscripts.DeclarativeRegistry] [localhost-startStop-1] Registered 8 Package Description Documents (+0 failed) 
2015-09-28 12:28:16,048 INFO  [org.springframework.extensions.webscripts.DeclarativeRegistry] [localhost-startStop-1] Registered 0 Schema Description Documents (+0 failed) 
2015-09-28 12:28:16,181 INFO  [org.springframework.extensions.webscripts.AbstractRuntimeContainer] [localhost-startStop-1] Initialised Spring Surf Container Web Script Container (in 9190.51ms)
2015-09-28 12:28:16,184 INFO  [org.springframework.extensions.webscripts.TemplateProcessorRegistry] [localhost-startStop-1] Registered template processor freemarker for extension ftl
2015-09-28 12:28:16,185 INFO  [org.springframework.extensions.webscripts.ScriptProcessorRegistry] [localhost-startStop-1] Registered script processor javascript for extension js
2015-09-28 12:28:16,373 WARN  [org.apache.myfaces.shared_impl.util.LocaleUtils] [localhost-startStop-1] Locale name in faces-config.xml null or empty, setting locale to default locale : en_US
2015-09-28 12:28:43,672 INFO  [org.alfresco.web.site.EditionInterceptor] [http-bio-8080-exec-2] Successfully retrieved license information from Alfresco.
2015-09-28 12:29:02,461 INFO  [org.springframework.extensions.webscripts.DeclarativeRegistry] [http-bio-8080-exec-9] Registered 371 Web Scripts (+0 failed), 385 URLs
2015-09-28 12:29:02,466 INFO  [org.springframework.extensions.webscripts.DeclarativeRegistry] [http-bio-8080-exec-9] Registered 8 Package Description Documents (+0 failed) 
2015-09-28 12:29:02,466 INFO  [org.springframework.extensions.webscripts.DeclarativeRegistry] [http-bio-8080-exec-9] Registered 0 Schema Description Documents (+0 failed) 
2015-09-28 12:29:02,684 INFO  [org.springframework.extensions.webscripts.AbstractRuntimeContainer] [http-bio-8080-exec-9] Initialised Spring Surf Container Web Script Container (in 9012.722ms)
2015-09-28 12:30:14,169 INFO  [org.alfresco.web.scripts.ImapServerStatus] [http-bio-8080-exec-12] Successfully retrieved IMAP server status from Alfresco: disabled
2015-09-28 12:30:34,084 INFO  [org.alfresco.web.scripts.DictionaryQuery] [http-bio-8080-exec-13] Successfully retrieved Data Dictionary from Alfresco.
2015-09-28 12:30:45,663 INFO  [org.alfresco.web.scripts.QuickShareStatus] [http-bio-8080-exec-14] Successfully retrieved quick share information from Alfresco.
2015-09-28 12:30:52,193 INFO  [org.alfresco.web.scripts.MimetypesQuery] [http-bio-8080-exec-16] Successfully retrieved mimetypes information from Alfresco.
2015-09-28 12:33:01,472 INFO  [org.springframework.extensions.webscripts.connector.RemoteClient] [http-bio-8080-exec-7] Exception calling (POST) http://localhost:8080/alfresco/s/api/actionQueue?alf_ticket=TICKET_e6bdfd6e2a3332ce5cb8fa58c799a218f50e9686
2015-09-28 12:33:01,534 INFO  [org.springframework.extensions.webscripts.connector.RemoteClient] [http-bio-8080-exec-7] Error status 408 Read timed out
java.net.SocketTimeoutException: Read timed out
	at java.net.SocketInputStream.socketRead0(Native Method)
	at java.net.SocketInputStream.socketRead(SocketInputStream.java:116)
	at java.net.SocketInputStream.read(SocketInputStream.java:170)
	at java.net.SocketInputStream.read(SocketInputStream.java:141)
	at org.apache.http.impl.io.SessionInputBufferImpl.streamRead(SessionInputBufferImpl.java:136)
	at org.apache.http.impl.io.SessionInputBufferImpl.fillBuffer(SessionInputBufferImpl.java:152)
	at org.apache.http.impl.io.SessionInputBufferImpl.readLine(SessionInputBufferImpl.java:270)
	at org.apache.http.impl.conn.DefaultHttpResponseParser.parseHead(DefaultHttpResponseParser.java:140)
	at org.apache.http.impl.conn.DefaultHttpResponseParser.parseHead(DefaultHttpResponseParser.java:57)
	at org.apache.http.impl.io.AbstractMessageParser.parse(AbstractMessageParser.java:260)
	at org.apache.http.impl.DefaultBHttpClientConnection.receiveResponseHeader(DefaultBHttpClientConnection.java:161)
	at sun.reflect.GeneratedMethodAccessor445.invoke(Unknown Source)
	at sun.reflect.DelegatingMethodAccessorImpl.invoke(DelegatingMethodAccessorImpl.java:43)
	at java.lang.reflect.Method.invoke(Method.java:497)
	at org.apache.http.impl.conn.CPoolProxy.invoke(CPoolProxy.java:138)
	at com.sun.proxy.$Proxy296.receiveResponseHeader(Unknown Source)
	at org.apache.http.protocol.HttpRequestExecutor.doReceiveResponse(HttpRequestExecutor.java:271)
	at org.apache.http.protocol.HttpRequestExecutor.execute(HttpRequestExecutor.java:123)
	at org.apache.http.impl.execchain.MainClientExec.execute(MainClientExec.java:254)
	at org.apache.http.impl.execchain.ProtocolExec.execute(ProtocolExec.java:195)
	at org.apache.http.impl.execchain.RetryExec.execute(RetryExec.java:86)
	at org.apache.http.impl.execchain.RedirectExec.execute(RedirectExec.java:108)
	at org.apache.http.impl.client.InternalHttpClient.doExecute(InternalHttpClient.java:186)
	at org.apache.http.impl.client.CloseableHttpClient.execute(CloseableHttpClient.java:82)
	at org.apache.http.impl.client.CloseableHttpClient.execute(CloseableHttpClient.java:106)
	at org.apache.http.impl.client.CloseableHttpClient.execute(CloseableHttpClient.java:57)
	at org.springframework.extensions.webscripts.connector.RemoteClient.service(RemoteClient.java:1095)
	at org.springframework.extensions.webscripts.connector.RemoteClient.call(RemoteClient.java:745)
	at org.springframework.extensions.webscripts.connector.HttpConnector.call(HttpConnector.java:143)
	at org.springframework.extensions.webscripts.connector.AuthenticatingConnector.call(AuthenticatingConnector.java:293)
	at org.springframework.extensions.webscripts.servlet.mvc.EndPointProxyController.handleRequestInternal(EndPointProxyController.java:326)
	at org.springframework.web.servlet.mvc.AbstractController.handleRequest(AbstractController.java:153)
	at org.springframework.web.servlet.mvc.SimpleControllerHandlerAdapter.handle(SimpleControllerHandlerAdapter.java:48)
	at org.springframework.web.servlet.DispatcherServlet.doDispatch(DispatcherServlet.java:919)
	at org.springframework.web.servlet.DispatcherServlet.doService(DispatcherServlet.java:851)
	at org.springframework.web.servlet.FrameworkServlet.processRequest(FrameworkServlet.java:953)
	at org.springframework.web.servlet.FrameworkServlet.doPost(FrameworkServlet.java:855)
	at javax.servlet.http.HttpServlet.service(HttpServlet.java:647)
	at org.springframework.web.servlet.FrameworkServlet.service(FrameworkServlet.java:829)
	at javax.servlet.http.HttpServlet.service(HttpServlet.java:728)
	at org.apache.catalina.core.ApplicationFilterChain.internalDoFilter(ApplicationFilterChain.java:305)
	at org.apache.catalina.core.ApplicationFilterChain.doFilter(ApplicationFilterChain.java:210)
	at org.apache.tomcat.websocket.server.WsFilter.doFilter(WsFilter.java:51)
	at org.apache.catalina.core.ApplicationFilterChain.internalDoFilter(ApplicationFilterChain.java:243)
	at org.apache.catalina.core.ApplicationFilterChain.doFilter(ApplicationFilterChain.java:210)
	at org.apache.catalina.core.ApplicationDispatcher.invoke(ApplicationDispatcher.java:749)
	at org.apache.catalina.core.ApplicationDispatcher.processRequest(ApplicationDispatcher.java:487)
	at org.apache.catalina.core.ApplicationDispatcher.doForward(ApplicationDispatcher.java:412)
	at org.apache.catalina.core.ApplicationDispatcher.forward(ApplicationDispatcher.java:339)
	at org.tuckey.web.filters.urlrewrite.NormalRewrittenUrl.doRewrite(NormalRewrittenUrl.java:213)
	at org.tuckey.web.filters.urlrewrite.RuleChain.handleRewrite(RuleChain.java:171)
	at org.tuckey.web.filters.urlrewrite.RuleChain.doRules(RuleChain.java:145)
	at org.tuckey.web.filters.urlrewrite.UrlRewriter.processRequest(UrlRewriter.java:92)
	at org.tuckey.web.filters.urlrewrite.UrlRewriteFilter.doFilter(UrlRewriteFilter.java:389)
	at org.apache.catalina.core.ApplicationFilterChain.internalDoFilter(ApplicationFilterChain.java:243)
	at org.apache.catalina.core.ApplicationFilterChain.doFilter(ApplicationFilterChain.java:210)
	at org.alfresco.web.site.servlet.SecurityHeadersFilter.doFilter(SecurityHeadersFilter.java:168)
	at org.apache.catalina.core.ApplicationFilterChain.internalDoFilter(ApplicationFilterChain.java:243)
	at org.apache.catalina.core.ApplicationFilterChain.doFilter(ApplicationFilterChain.java:210)
	at org.alfresco.web.site.servlet.CSRFFilter.doFilter(CSRFFilter.java:315)
	at org.apache.catalina.core.ApplicationFilterChain.internalDoFilter(ApplicationFilterChain.java:243)
	at org.apache.catalina.core.ApplicationFilterChain.doFilter(ApplicationFilterChain.java:210)
	at org.alfresco.web.site.servlet.SSOAuthenticationFilter.doFilter(SSOAuthenticationFilter.java:447)
	at org.apache.catalina.core.ApplicationFilterChain.internalDoFilter(ApplicationFilterChain.java:243)
	at org.apache.catalina.core.ApplicationFilterChain.doFilter(ApplicationFilterChain.java:210)
	at org.alfresco.web.site.servlet.MTAuthenticationFilter.doFilter(MTAuthenticationFilter.java:74)
	at org.apache.catalina.core.ApplicationFilterChain.internalDoFilter(ApplicationFilterChain.java:243)
	at org.apache.catalina.core.ApplicationFilterChain.doFilter(ApplicationFilterChain.java:210)
	at org.apache.catalina.core.StandardWrapperValve.invoke(StandardWrapperValve.java:222)
	at org.apache.catalina.core.StandardContextValve.invoke(StandardContextValve.java:123)
	at org.apache.catalina.authenticator.AuthenticatorBase.invoke(AuthenticatorBase.java:502)
	at org.apache.catalina.core.StandardHostValve.invoke(StandardHostValve.java:171)
	at org.apache.catalina.valves.ErrorReportValve.invoke(ErrorReportValve.java:100)
	at org.apache.catalina.valves.AccessLogValve.invoke(AccessLogValve.java:953)
	at org.apache.catalina.core.StandardEngineValve.invoke(StandardEngineValve.java:118)
	at org.apache.catalina.connector.CoyoteAdapter.service(CoyoteAdapter.java:408)
	at org.apache.coyote.http11.AbstractHttp11Processor.process(AbstractHttp11Processor.java:1041)
	at org.apache.coyote.AbstractProtocol$AbstractConnectionHandler.process(AbstractProtocol.java:603)
	at org.apache.tomcat.util.net.JIoEndpoint$SocketProcessor.run(JIoEndpoint.java:312)
	at java.util.concurrent.ThreadPoolExecutor.runWorker(ThreadPoolExecutor.java:1142)
	at java.util.concurrent.ThreadPoolExecutor$Worker.run(ThreadPoolExecutor.java:617)
	at java.lang.Thread.run(Thread.java:745)
2015-09-28 12:34:34,108 INFO  [org.springframework.extensions.webscripts.DeclarativeRegistry] [http-bio-8080-exec-7] Registered 371 Web Scripts (+0 failed), 385 URLs
2015-09-28 12:34:34,108 INFO  [org.springframework.extensions.webscripts.DeclarativeRegistry] [http-bio-8080-exec-7] Registered 8 Package Description Documents (+0 failed) 
2015-09-28 12:34:34,108 INFO  [org.springframework.extensions.webscripts.DeclarativeRegistry] [http-bio-8080-exec-7] Registered 0 Schema Description Documents (+0 failed) 
2015-09-28 12:34:34,317 INFO  [org.springframework.extensions.webscripts.AbstractRuntimeContainer] [http-bio-8080-exec-7] Initialised Spring Surf Container Web Script Container (in 13051.72ms)
2015-09-28 12:34:45,476 INFO  [org.springframework.extensions.webscripts.DeclarativeRegistry] [http-bio-8080-exec-12] Registered 371 Web Scripts (+0 failed), 385 URLs
2015-09-28 12:34:45,477 INFO  [org.springframework.extensions.webscripts.DeclarativeRegistry] [http-bio-8080-exec-12] Registered 8 Package Description Documents (+0 failed) 
2015-09-28 12:34:45,477 INFO  [org.springframework.extensions.webscripts.DeclarativeRegistry] [http-bio-8080-exec-12] Registered 0 Schema Description Documents (+0 failed) 
2015-09-28 12:34:45,712 INFO  [org.springframework.extensions.webscripts.AbstractRuntimeContainer] [http-bio-8080-exec-12] Initialised Spring Surf Container Web Script Container (in 10341.306ms)
2015-09-28 12:42:06,672 INFO  [org.springframework.extensions.webscripts.DeclarativeRegistry] [http-bio-8080-exec-17] Registered 371 Web Scripts (+0 failed), 385 URLs
2015-09-28 12:42:06,673 INFO  [org.springframework.extensions.webscripts.DeclarativeRegistry] [http-bio-8080-exec-17] Registered 8 Package Description Documents (+0 failed) 
2015-09-28 12:42:06,673 INFO  [org.springframework.extensions.webscripts.DeclarativeRegistry] [http-bio-8080-exec-17] Registered 0 Schema Description Documents (+0 failed) 
2015-09-28 12:42:06,816 INFO  [org.springframework.extensions.webscripts.AbstractRuntimeContainer] [http-bio-8080-exec-17] Initialised Spring Surf Container Web Script Container (in 11036.867ms)
